<?xml version="1.0" encoding="UTF-8"?>
<!-- Generated by org.testng.reporters.JUnitReportReporter -->
<testsuite hostname="Fasalus-MBP-2.home" failures="0" tests="1" name="automationTest.AppTest" time="0.009" errors="0" timestamp="2022-01-24T19:30:32 CET" skipped="0">
  <testcase classname="automationTest.AppTest" name="shouldAnswerWithTrue" time="0.009"/>
  <system-out/>
</testsuite> <!-- automationTest.AppTest -->
