<?xml version="1.0" encoding="UTF-8"?>
<!-- Generated by org.testng.reporters.JUnitReportReporter -->
<testsuite hostname="Fasalus-MBP-2.home" failures="0" tests="2" name="automationTest.ValidateNavigationBar" time="3.341" errors="0" timestamp="2022-01-25T19:07:19 CET" skipped="0">
  <testcase classname="automationTest.ValidateNavigationBar" name="validateLogo" time="0.069"/>
  <system-out/>
  <testcase classname="automationTest.ValidateNavigationBar" name="getNavigationBar" time="3.272"/>
  <system-out/>
</testsuite> <!-- automationTest.ValidateNavigationBar -->
