<?xml version="1.0" encoding="UTF-8"?>
<!-- Generated by org.testng.reporters.JUnitReportReporter -->
<testsuite hostname="Fasalus-MBP-2.home" failures="0" tests="1" name="automationTest.AppTest" time="0.011" errors="0" timestamp="2022-01-25T19:07:19 CET" skipped="0">
  <testcase classname="automationTest.AppTest" name="shouldAnswerWithTrue" time="0.011"/>
  <system-out/>
</testsuite> <!-- automationTest.AppTest -->
