<?xml version="1.0" encoding="UTF-8"?>
<!-- Generated by org.testng.reporters.JUnitReportReporter -->
<testsuite hostname="Fasalus-MBP-2.home" failures="0" tests="2" name="automationTest.ValidateNavigationBar" time="1.593" errors="0" timestamp="2022-01-24T19:27:05 CET" skipped="0">
  <testcase classname="automationTest.ValidateNavigationBar" name="validateLogo" time="0.038"/>
  <system-out/>
  <testcase classname="automationTest.ValidateNavigationBar" name="getNavigationBar" time="1.555"/>
  <system-out/>
</testsuite> <!-- automationTest.ValidateNavigationBar -->
