<?xml version="1.0" encoding="UTF-8"?>
<!-- Generated by org.testng.reporters.JUnitReportReporter -->
<testsuite hostname="Fasalus-MBP-2.home" failures="0" tests="2" name="automationTest.HomePage" time="5.908" errors="0" timestamp="2022-01-24T19:26:50 CET" skipped="0">
  <testcase classname="automationTest.HomePage" name="basePageNavigation" time="2.316"/>
  <system-out/>
  <testcase classname="automationTest.HomePage" name="basePageNavigation" time="3.592"/>
  <system-out/>
</testsuite> <!-- automationTest.HomePage -->
