<?xml version="1.0" encoding="UTF-8"?>
<!-- Generated by org.testng.reporters.JUnitReportReporter -->
<testsuite hostname="Fasalus-MBP-2.home" failures="0" tests="2" name="automationTest.HomePage" time="6.412" errors="0" timestamp="2022-01-25T19:07:19 CET" skipped="0">
  <testcase classname="automationTest.HomePage" name="basePageNavigation" time="1.672"/>
  <system-out/>
  <testcase classname="automationTest.HomePage" name="basePageNavigation" time="4.740"/>
  <system-out/>
</testsuite> <!-- automationTest.HomePage -->
